[I 2026-10-09 07:39:55,249] Trial 129 finished with value: 0.8428667525908142 and parameters: {'num_leaves': 18, 'min_child_samples': 127, 'learning_rate': 0.02337780448376722, 'subsample': 0.7011520867467939, 'colsample_bytree': 0.9628023473079235, 'reg_lambda': 0.22541833718988968, 'reg_alpha': 3.61731549763195}. Best is trial 75 with value: 0.834166690773951.
/home/overxpowered/padhai_in_linux/Projects/AGNITIA-TERRA06/.venv/lib/python3.12/site-packages/lightgbm/sklearn.py:1106: LGBMDeprecationWarning: The argument 'eval_set' is deprecated, use 'eval_X' and 'eval_y' instead.
  eval_set = _validate_eval_set_Xy(eval_set=eval_set, eval_X=eval_X, eval_y=eval_y)
/home/overxpowered/padhai_in_linux/Projects/AGNITIA-TERRA06/.venv/lib/python3.12/site-packages/lightgbm/sklearn.py:1106: LGBMDeprecationWarning: The argument 'eval_set' is deprecated, use 'eval_X' and 'eval_y' instead.
  eval_set = _validate_eval_set_Xy(eval_set=eval_set, eval_X=eval_X, eval_y=eval_y)
/home/overxpowered/padhai_in_linux/Projects/AGNITIA-TERRA06/.venv/lib/python3.12/site-packages/lightgbm/sklearn.py:1106: LGBMDeprecationWarning: The argument 'eval_set' is deprecated, use 'eval_X' and 'eval_y' instead.
  eval_set = _validate_eval_set_Xy(eval_set=eval_set, eval_X=eval_X, eval_y=eval_y)
/home/overxpowered/padhai_in_linux/Projects/AGNITIA-TERRA06/.venv/lib/python3.12/site-packages/lightgbm/sklearn.py:1106: LGBMDeprecationWarning: The argument 'eval_set' is deprecated, use 'eval_X' and 'eval_y' instead.
  eval_set = _validate_eval_set_Xy(eval_set=eval_set, eval_X=eval_X, eval_y=eval_y)
/home/overxpowered/padhai_in_linux/Projects/AGNITIA-TERRA06/.venv/lib/python3.12/site-packages/lightgbm/sklearn.py:1106: LGBMDeprecationWarning: The argument 'eval_set' is deprecated, use 'eval_X' and 'eval_y' instead.
  eval_set = _validate_eval_set_Xy(eval_set=eval_set, eval_X=eval_X, eval_y=eval_y)
2026-10-09 07:40:10,149 INFO __main__: [wind Trial 130] pinball=0.84550 params={'num_leaves': 18, 'min_child_samples': 136, 'learning_rate': 0.0262, 'subsample': 0.6912, 'colsample_bytree': 0.9834, 'reg_lambda': 0.0598, 'reg_alpha': 3.8324}
[I 2026-10-09 07:40:10,149] Trial 130 finished with value: 0.845504158013781 and parameters: {'num_leaves': 18, 'min_child_samples': 136, 'learning_rate': 0.026240654363348742, 'subsample': 0.691166135474863, 'colsample_bytree': 0.9834332101370886, 'reg_lambda': 0.05977102212644482, 'reg_alpha': 3.8324307003376004}. Best is trial 75 with value: 0.834166690773951.
/home/overxpowered/padhai_in_linux/Projects/AGNITIA-TERRA06/.venv/lib/python3.12/site-packages/lightgbm/sklearn.py:1106: LGBMDeprecationWarning: The argument 'eval_set' is deprecated, use 'eval_X' and 'eval_y' instead.
  eval_set = _validate_eval_set_Xy(eval_set=eval_set, eval_X=eval_X, eval_y=eval_y)
/home/overxpowered/padhai_in_linux/Projects/AGNITIA-TERRA06/.venv/lib/python3.12/site-packages/lightgbm/sklearn.py:1106: LGBMDeprecationWarning: The argument 'eval_set' is deprecated, use 'eval_X' and 'eval_y' instead.
  eval_set = _validate_eval_set_Xy(eval_set=eval_set, eval_X=eval_X, eval_y=eval_y)
/home/overxpowered/padhai_in_linux/Projects/AGNITIA-TERRA06/.venv/lib/python3.12/site-packages/lightgbm/sklearn.py:1106: LGBMDeprecationWarning: The argument 'eval_set' is deprecated, use 'eval_X' and 'eval_y' instead.
  eval_set = _validate_eval_set_Xy(eval_set=eval_set, eval_X=eval_X, eval_y=eval_y)
/home/overxpowered/padhai_in_linux/Projects/AGNITIA-TERRA06/.venv/lib/python3.12/site-packages/lightgbm/sklearn.py:1106: LGBMDeprecationWarning: The argument 'eval_set' is deprecated, use 'eval_X' and 'eval_y' instead.
  eval_set = _validate_eval_set_Xy(eval_set=eval_set, eval_X=eval_X, eval_y=eval_y)
/home/overxpowered/padhai_in_linux/Projects/AGNITIA-TERRA06/.venv/lib/python3.12/site-packages/lightgbm/sklearn.py:1106: LGBMDeprecationWarning: The argument 'eval_set' is deprecated, use 'eval_X' and 'eval_y' instead.
  eval_set = _validate_eval_set_Xy(eval_set=eval_set, eval_X=eval_X, eval_y=eval_y)
2026-10-09 07:40:25,956 INFO __main__: [wind Trial 131] pinball=0.85156 params={'num_leaves': 23, 'min_child_samples': 140, 'learning_rate': 0.0243, 'subsample': 0.6824, 'colsample_bytree': 0.9323, 'reg_lambda': 0.0685, 'reg_alpha': 3.5142}
[I 2026-10-09 07:40:25,956] Trial 131 finished with value: 0.8515560509534519 and parameters: {'num_leaves': 23, 'min_child_samples': 140, 'learning_rate': 0.02433198669578462, 'subsample': 0.6823710605482444, 'colsample_bytree': 0.9322742943893306, 'reg_lambda': 0.06852036710825996, 'reg_alpha': 3.5142019466578365}. Best is trial 75 with value: 0.834166690773951.
/home/overxpowered/padhai_in_linux/Projects/AGNITIA-TERRA06/.venv/lib/python3.12/site-packages/lightgbm/sklearn.py:1106: LGBMDeprecationWarning: The argument 'eval_set' is deprecated, use 'eval_X' and 'eval_y' instead.
  eval_set = _validate_eval_set_Xy(eval_set=eval_set, eval_X=eval_X, eval_y=eval_y)
/home/overxpowered/padhai_in_linux/Projects/AGNITIA-TERRA06/.venv/lib/python3.12/site-packages/lightgbm/sklearn.py:1106: LGBMDeprecationWarning: The argument 'eval_set' is deprecated, use 'eval_X' and 'eval_y' instead.
  eval_set = _validate_eval_set_Xy(eval_set=eval_set, eval_X=eval_X, eval_y=eval_y)
/home/overxpowered/padhai_in_linux/Projects/AGNITIA-TERRA06/.venv/lib/python3.12/site-packages/lightgbm/sklearn.py:1106: LGBMDeprecationWarning: The argument 'eval_set' is deprecated, use 'eval_X' and 'eval_y' instead.
  eval_set = _validate_eval_set_Xy(eval_set=eval_set, eval_X=eval_X, eval_y=eval_y)
/home/overxpowered/padhai_in_linux/Projects/AGNITIA-TERRA06/.venv/lib/python3.12/site-packages/lightgbm/sklearn.py:1106: LGBMDeprecationWarning: The argument 'eval_set' is deprecated, use 'eval_X' and 'eval_y' instead.
  eval_set = _validate_eval_set_Xy(eval_set=eval_set, eval_X=eval_X, eval_y=eval_y)
/home/overxpowered/padhai_in_linux/Projects/AGNITIA-TERRA06/.venv/lib/python3.12/site-packages/lightgbm/sklearn.py:1106: LGBMDeprecationWarning: The argument 'eval_set' is deprecated, use 'eval_X' and 'eval_y' instead.
  eval_set = _validate_eval_set_Xy(eval_set=eval_set, eval_X=eval_X, eval_y=eval_y)
2026-10-09 07:40:38,267 INFO __main__: [wind Trial 132] pinball=0.84564 params={'num_leaves': 19, 'min_child_samples': 137, 'learning_rate': 0.0352, 'subsample': 0.683, 'colsample_bytree': 0.9487, 'reg_lambda': 0.4794, 'reg_alpha': 4.1356}
[I 2026-10-09 07:40:38,267] Trial 132 finished with value: 0.8456384187750647 and parameters: {'num_leaves': 19, 'min_child_samples': 137, 'learning_rate': 0.035186804943821086, 'subsample': 0.6829815604995777, 'colsample_bytree': 0.9486791370226743, 'reg_lambda': 0.47939896974724394, 'reg_alpha': 4.135587924317083}. Best is trial 75 with value: 0.834166690773951.
/home/overxpowered/padhai_in_linux/Projects/AGNITIA-TERRA06/.venv/lib/python3.12/site-packages/lightgbm/sklearn.py:1106: LGBMDeprecationWarning: The argument 'eval_set' is deprecated, use 'eval_X' and 'eval_y' instead.
  eval_set = _validate_eval_set_Xy(eval_set=eval_set, eval_X=eval_X, eval_y=eval_y)
/home/overxpowered/padhai_in_linux/Projects/AGNITIA-TERRA06/.venv/lib/python3.12/site-packages/lightgbm/sklearn.py:1106: LGBMDeprecationWarning: The argument 'eval_set' is deprecated, use 'eval_X' and 'eval_y' instead.
  eval_set = _validate_eval_set_Xy(eval_set=eval_set, eval_X=eval_X, eval_y=eval_y)
/home/overxpowered/padhai_in_linux/Projects/AGNITIA-TERRA06/.venv/lib/python3.12/site-packages/lightgbm/sklearn.py:1106: LGBMDeprecationWarning: The argument 'eval_set' is deprecated, use 'eval_X' and 'eval_y' instead.
  eval_set = _validate_eval_set_Xy(eval_set=eval_set, eval_X=eval_X, eval_y=eval_y)
/home/overxpowered/padhai_in_linux/Projects/AGNITIA-TERRA06/.venv/lib/python3.12/site-packages/lightgbm/sklearn.py:1106: LGBMDeprecationWarning: The argument 'eval_set' is deprecated, use 'eval_X' and 'eval_y' instead.
  eval_set = _validate_eval_set_Xy(eval_set=eval_set, eval_X=eval_X, eval_y=eval_y)
/home/overxpowered/padhai_in_linux/Projects/AGNITIA-TERRA06/.venv/lib/python3.12/site-packages/lightgbm/sklearn.py:1106: LGBMDeprecationWarning: The argument 'eval_set' is deprecated, use 'eval_X' and 'eval_y' instead.
  eval_set = _validate_eval_set_Xy(eval_set=eval_set, eval_X=eval_X, eval_y=eval_y)
2026-10-09 07:40:50,758 INFO __main__: [wind Trial 133] pinball=0.84380 params={'num_leaves': 17, 'min_child_samples': 123, 'learning_rate': 0.031, 'subsample': 0.6954, 'colsample_bytree': 0.9392, 'reg_lambda': 1.5474, 'reg_alpha': 3.8246}
[I 2026-10-09 07:40:50,758] Trial 133 finished with value: 0.843797442252663 and parameters: {'num_leaves': 17, 'min_child_samples': 123, 'learning_rate': 0.030973738582292864, 'subsample': 0.6954154751269354, 'colsample_bytree': 0.9392362087292497, 'reg_lambda': 1.5473932959154229, 'reg_alpha': 3.8246118712673614}. Best is trial 75 with value: 0.834166690773951.
/home/overxpowered/padhai_in_linux/Projects/AGNITIA-TERRA06/.venv/lib/python3.12/site-packages/lightgbm/sklearn.py:1106: LGBMDeprecationWarning: The argument 'eval_set' is deprecated, use 'eval_X' and 'eval_y' instead.
  eval_set = _validate_eval_set_Xy(eval_set=eval_set, eval_X=eval_X, eval_y=eval_y)
/home/overxpowered/padhai_in_linux/Projects/AGNITIA-TERRA06/.venv/lib/python3.12/site-packages/lightgbm/sklearn.py:1106: LGBMDeprecationWarning: The argument 'eval_set' is deprecated, use 'eval_X' and 'eval_y' instead.
  eval_set = _validate_eval_set_Xy(eval_set=eval_set, eval_X=eval_X, eval_y=eval_y)
/home/overxpowered/padhai_in_linux/Projects/AGNITIA-TERRA06/.venv/lib/python3.12/site-packages/lightgbm/sklearn.py:1106: LGBMDeprecationWarning: The argument 'eval_set' is deprecated, use 'eval_X' and 'eval_y' instead.
  eval_set = _validate_eval_set_Xy(eval_set=eval_set, eval_X=eval_X, eval_y=eval_y)
/home/overxpowered/padhai_in_linux/Projects/AGNITIA-TERRA06/.venv/lib/python3.12/site-packages/lightgbm/sklearn.py:1106: LGBMDeprecationWarning: The argument 'eval_set' is deprecated, use 'eval_X' and 'eval_y' instead.
  eval_set = _validate_eval_set_Xy(eval_set=eval_set, eval_X=eval_X, eval_y=eval_y)
/home/overxpowered/padhai_in_linux/Projects/AGNITIA-TERRA06/.venv/lib/python3.12/site-packages/lightgbm/sklearn.py:1106: LGBMDeprecationWarning: The argument 'eval_set' is deprecated, use 'eval_X' and 'eval_y' instead.
  eval_set = _validate_eval_set_Xy(eval_set=eval_set, eval_X=eval_X, eval_y=eval_y)
2026-10-09 07:41:04,869 INFO __main__: [wind Trial 134] pinball=0.84155 params={'num_leaves': 18, 'min_child_samples': 123, 'learning_rate': 0.0273, 'subsample': 0.6901, 'colsample_bytree': 0.8946, 'reg_lambda': 0.692, 'reg_alpha': 4.2416}
[I 2026-10-09 07:41:04,869] Trial 134 finished with value: 0.8415548978766907 and parameters: {'num_leaves': 18, 'min_child_samples': 123, 'learning_rate': 0.02726311734592677, 'subsample': 0.6901293211056546, 'colsample_bytree': 0.8945663726191274, 'reg_lambda': 0.6920282782901046, 'reg_alpha': 4.241606703208272}. Best is trial 75 with value: 0.834166690773951.
/home/overxpowered/padhai_in_linux/Projects/AGNITIA-TERRA06/.venv/lib/python3.12/site-packages/lightgbm/sklearn.py:1106: LGBMDeprecationWarning: The argument 'eval_set' is deprecated, use 'eval_X' and 'eval_y' instead.
  eval_set = _validate_eval_set_Xy(eval_set=eval_set, eval_X=eval_X, eval_y=eval_y)
/home/overxpowered/padhai_in_linux/Projects/AGNITIA-TERRA06/.venv/lib/python3.12/site-packages/lightgbm/sklearn.py:1106: LGBMDeprecationWarning: The argument 'eval_set' is deprecated, use 'eval_X' and 'eval_y' instead.
  eval_set = _validate_eval_set_Xy(eval_set=eval_set, eval_X=eval_X, eval_y=eval_y)
/home/overxpowered/padhai_in_linux/Projects/AGNITIA-TERRA06/.venv/lib/python3.12/site-packages/lightgbm/sklearn.py:1106: LGBMDeprecationWarning: The argument 'eval_set' is deprecated, use 'eval_X' and 'eval_y' instead.
  eval_set = _validate_eval_set_Xy(eval_set=eval_set, eval_X=eval_X, eval_y=eval_y)
/home/overxpowered/padhai_in_linux/Projects/AGNITIA-TERRA06/.venv/lib/python3.12/site-packages/lightgbm/sklearn.py:1106: LGBMDeprecationWarning: The argument 'eval_set' is deprecated, use 'eval_X' and 'eval_y' instead.
  eval_set = _validate_eval_set_Xy(eval_set=eval_set, eval_X=eval_X, eval_y=eval_y)
/home/overxpowered/padhai_in_linux/Projects/AGNITIA-TERRA06/.venv/lib/python3.12/site-packages/lightgbm/sklearn.py:1106: LGBMDeprecationWarning: The argument 'eval_set' is deprecated, use 'eval_X' and 'eval_y' instead.
  eval_set = _validate_eval_set_Xy(eval_set=eval_set, eval_X=eval_X, eval_y=eval_y)
2026-10-09 07:41:17,359 INFO __main__: [wind Trial 135] pinball=0.84447 params={'num_leaves': 18, 'min_child_samples': 139, 'learning_rate': 0.0296, 'subsample': 0.7054, 'colsample_bytree': 0.9054, 'reg_lambda': 0.5496, 'reg_alpha': 4.3429}
[I 2026-10-09 07:41:17,359] Trial 135 finished with value: 0.8444671880007032 and parameters: {'num_leaves': 18, 'min_child_samples': 139, 'learning_rate': 0.029606015383574012, 'subsample': 0.7054120973191264, 'colsample_bytree': 0.905379107959877, 'reg_lambda': 0.5495607489191515, 'reg_alpha': 4.342893042230158}. Best is trial 75 with value: 0.834166690773951.
/home/overxpowered/padhai_in_linux/Projects/AGNITIA-TERRA06/.venv/lib/python3.12/site-packages/lightgbm/sklearn.py:1106: LGBMDeprecationWarning: The argument 'eval_set' is deprecated, use 'eval_X' and 'eval_y' instead.
  eval_set = _validate_eval_set_Xy(eval_set=eval_set, eval_X=eval_X, eval_y=eval_y)
/home/overxpowered/padhai_in_linux/Projects/AGNITIA-TERRA06/.venv/lib/python3.12/site-packages/lightgbm/sklearn.py:1106: LGBMDeprecationWarning: The argument 'eval_set' is deprecated, use 'eval_X' and 'eval_y' instead.
  eval_set = _validate_eval_set_Xy(eval_set=eval_set, eval_X=eval_X, eval_y=eval_y)
/home/overxpowered/padhai_in_linux/Projects/AGNITIA-TERRA06/.venv/lib/python3.12/site-packages/lightgbm/sklearn.py:1106: LGBMDeprecationWarning: The argument 'eval_set' is deprecated, use 'eval_X' and 'eval_y' instead.
  eval_set = _validate_eval_set_Xy(eval_set=eval_set, eval_X=eval_X, eval_y=eval_y)
/home/overxpowered/padhai_in_linux/Projects/AGNITIA-TERRA06/.venv/lib/python3.12/site-packages/lightgbm/sklearn.py:1106: LGBMDeprecationWarning: The argument 'eval_set' is deprecated, use 'eval_X' and 'eval_y' instead.
  eval_set = _validate_eval_set_Xy(eval_set=eval_set, eval_X=eval_X, eval_y=eval_y)
/home/overxpowered/padhai_in_linux/Projects/AGNITIA-TERRA06/.venv/lib/python3.12/site-packages/lightgbm/sklearn.py:1106: LGBMDeprecationWarning: The argument 'eval_set' is deprecated, use 'eval_X' and 'eval_y' instead.
  eval_set = _validate_eval_set_Xy(eval_set=eval_set, eval_X=eval_X, eval_y=eval_y)
2026-10-09 07:41:36,362 INFO __main__: [wind Trial 136] pinball=0.84391 params={'num_leaves': 18, 'min_child_samples': 125, 'learning_rate': 0.0196, 'subsample': 0.7088, 'colsample_bytree': 0.9347, 'reg_lambda': 0.2906, 'reg_alpha': 3.9346}
[I 2026-10-09 07:41:36,362] Trial 136 finished with value: 0.8439102474024753 and parameters: {'num_leaves': 18, 'min_child_samples': 125, 'learning_rate': 0.019556698438745645, 'subsample': 0.7088098696306538, 'colsample_bytree': 0.934722766765554, 'reg_lambda': 0.29060795202448214, 'reg_alpha': 3.934589518338593}. Best is trial 75 with value: 0.834166690773951.
/home/overxpowered/padhai_in_linux/Projects/AGNITIA-TERRA06/.venv/lib/python3.12/site-packages/lightgbm/sklearn.py:1106: LGBMDeprecationWarning: The argument 'eval_set' is deprecated, use 'eval_X' and 'eval_y' instead.
  eval_set = _validate_eval_set_Xy(eval_set=eval_set, eval_X=eval_X, eval_y=eval_y)
/home/overxpowered/padhai_in_linux/Projects/AGNITIA-TERRA06/.venv/lib/python3.12/site-packages/lightgbm/sklearn.py:1106: LGBMDeprecationWarning: The argument 'eval_set' is deprecated, use 'eval_X' and 'eval_y' instead.
  eval_set = _validate_eval_set_Xy(eval_set=eval_set, eval_X=eval_X, eval_y=eval_y)
/home/overxpowered/padhai_in_linux/Projects/AGNITIA-TERRA06/.venv/lib/python3.12/site-packages/lightgbm/sklearn.py:1106: LGBMDeprecationWarning: The argument 'eval_set' is deprecated, use 'eval_X' and 'eval_y' instead.
  eval_set = _validate_eval_set_Xy(eval_set=eval_set, eval_X=eval_X, eval_y=eval_y)
/home/overxpowered/padhai_in_linux/Projects/AGNITIA-TERRA06/.venv/lib/python3.12/site-packages/lightgbm/sklearn.py:1106: LGBMDeprecationWarning: The argument 'eval_set' is deprecated, use 'eval_X' and 'eval_y' instead.
  eval_set = _validate_eval_set_Xy(eval_set=eval_set, eval_X=eval_X, eval_y=eval_y)
/home/overxpowered/padhai_in_linux/Projects/AGNITIA-TERRA06/.venv/lib/python3.12/site-packages/lightgbm/sklearn.py:1106: LGBMDeprecationWarning: The argument 'eval_set' is deprecated, use 'eval_X' and 'eval_y' instead.
  eval_set = _validate_eval_set_Xy(eval_set=eval_set, eval_X=eval_X, eval_y=eval_y)
2026-10-09 07:41:47,852 INFO __main__: [wind Trial 137] pinball=0.85806 params={'num_leaves': 26, 'min_child_samples': 128, 'learning_rate': 0.0305, 'subsample': 0.687, 'colsample_bytree': 0.9086, 'reg_lambda': 0.3739, 'reg_alpha': 4.3492}
[I 2026-10-09 07:41:47,853] Trial 137 finished with value: 0.8580605338877539 and parameters: {'num_leaves': 26, 'min_child_samples': 128, 'learning_rate': 0.030523063558778624, 'subsample': 0.6869683588958767, 'colsample_bytree': 0.908567089106289, 'reg_lambda': 0.37394538949717504, 'reg_alpha': 4.349245100036551}. Best is trial 75 with value: 0.834166690773951.
/home/overxpowered/padhai_in_linux/Projects/AGNITIA-TERRA06/.venv/lib/python3.12/site-packages/lightgbm/sklearn.py:1106: LGBMDeprecationWarning: The argument 'eval_set' is deprecated, use 'eval_X' and 'eval_y' instead.
  eval_set = _validate_eval_set_Xy(eval_set=eval_set, eval_X=eval_X, eval_y=eval_y)
/home/overxpowered/padhai_in_linux/Projects/AGNITIA-TERRA06/.venv/lib/python3.12/site-packages/lightgbm/sklearn.py:1106: LGBMDeprecationWarning: The argument 'eval_set' is deprecated, use 'eval_X' and 'eval_y' instead.
  eval_set = _validate_eval_set_Xy(eval_set=eval_set, eval_X=eval_X, eval_y=eval_y)
/home/overxpowered/padhai_in_linux/Projects/AGNITIA-TERRA06/.venv/lib/python3.12/site-packages/lightgbm/sklearn.py:1106: LGBMDeprecationWarning: The argument 'eval_set' is deprecated, use 'eval_X' and 'eval_y' instead.
  eval_set = _validate_eval_set_Xy(eval_set=eval_set, eval_X=eval_X, eval_y=eval_y)
/home/overxpowered/padhai_in_linux/Projects/AGNITIA-TERRA06/.venv/lib/python3.12/site-packages/lightgbm/sklearn.py:1106: LGBMDeprecationWarning: The argument 'eval_set' is deprecated, use 'eval_X' and 'eval_y' instead.
  eval_set = _validate_eval_set_Xy(eval_set=eval_set, eval_X=eval_X, eval_y=eval_y)
/home/overxpowered/padhai_in_linux/Projects/AGNITIA-TERRA06/.venv/lib/python3.12/site-packages/lightgbm/sklearn.py:1106: LGBMDeprecationWarning: The argument 'eval_set' is deprecated, use 'eval_X' and 'eval_y' instead.
  eval_set = _validate_eval_set_Xy(eval_set=eval_set, eval_X=eval_X, eval_y=eval_y)
2026-10-09 07:42:00,557 INFO __main__: [wind Trial 138] pinball=0.85429 params={'num_leaves': 23, 'min_child_samples': 119, 'learning_rate': 0.0302, 'subsample': 0.7253, 'colsample_bytree': 0.9139, 'reg_lambda': 1.1871, 'reg_alpha': 4.3106}
[I 2026-10-09 07:42:00,558] Trial 138 finished with value: 0.854291309435921 and parameters: {'num_leaves': 23, 'min_child_samples': 119, 'learning_rate': 0.03016514170814148, 'subsample': 0.7252996963667053, 'colsample_bytree': 0.9138774053486172, 'reg_lambda': 1.1870808631625436, 'reg_alpha': 4.310643266751341}. Best is trial 75 with value: 0.834166690773951.
/home/overxpowered/padhai_in_linux/Projects/AGNITIA-TERRA06/.venv/lib/python3.12/site-packages/lightgbm/sklearn.py:1106: LGBMDeprecationWarning: The argument 'eval_set' is deprecated, use 'eval_X' and 'eval_y' instead.
  eval_set = _validate_eval_set_Xy(eval_set=eval_set, eval_X=eval_X, eval_y=eval_y)
/home/overxpowered/padhai_in_linux/Projects/AGNITIA-TERRA06/.venv/lib/python3.12/site-packages/lightgbm/sklearn.py:1106: LGBMDeprecationWarning: The argument 'eval_set' is deprecated, use 'eval_X' and 'eval_y' instead.
  eval_set = _validate_eval_set_Xy(eval_set=eval_set, eval_X=eval_X, eval_y=eval_y)
/home/overxpowered/padhai_in_linux/Projects/AGNITIA-TERRA06/.venv/lib/python3.12/site-packages/lightgbm/sklearn.py:1106: LGBMDeprecationWarning: The argument 'eval_set' is deprecated, use 'eval_X' and 'eval_y' instead.
  eval_set = _validate_eval_set_Xy(eval_set=eval_set, eval_X=eval_X, eval_y=eval_y)
/home/overxpowered/padhai_in_linux/Projects/AGNITIA-TERRA06/.venv/lib/python3.12/site-packages/lightgbm/sklearn.py:1106: LGBMDeprecationWarning: The argument 'eval_set' is deprecated, use 'eval_X' and 'eval_y' instead.
  eval_set = _validate_eval_set_Xy(eval_set=eval_set, eval_X=eval_X, eval_y=eval_y)
/home/overxpowered/padhai_in_linux/Projects/AGNITIA-TERRA06/.venv/lib/python3.12/site-packages/lightgbm/sklearn.py:1106: LGBMDeprecationWarning: The argument 'eval_set' is deprecated, use 'eval_X' and 'eval_y' instead.
  eval_set = _validate_eval_set_Xy(eval_set=eval_set, eval_X=eval_X, eval_y=eval_y)
2026-10-09 07:42:19,701 INFO __main__: [wind Trial 139] pinball=0.83846 params={'num_leaves': 17, 'min_child_samples': 129, 'learning_rate': 0.0212, 'subsample': 0.6888, 'colsample_bytree': 0.9812, 'reg_lambda': 0.3102, 'reg_alpha': 3.9131}
