[I 2026-10-09 07:17:19,141] Trial 39 finished with value: 0.859121300120645 and parameters: {'num_leaves': 28, 'min_child_samples': 151, 'learning_rate': 0.011301421683762292, 'subsample': 0.7125454878983729, 'colsample_bytree': 0.9251979278502062, 'reg_lambda': 1.6984498181632013, 'reg_alpha': 3.4324746116817293}. Best is trial 36 with value: 0.8375792118323041.
/home/overxpowered/padhai_in_linux/Projects/AGNITIA-TERRA06/.venv/lib/python3.12/site-packages/lightgbm/sklearn.py:1106: LGBMDeprecationWarning: The argument 'eval_set' is deprecated, use 'eval_X' and 'eval_y' instead.
  eval_set = _validate_eval_set_Xy(eval_set=eval_set, eval_X=eval_X, eval_y=eval_y)
/home/overxpowered/padhai_in_linux/Projects/AGNITIA-TERRA06/.venv/lib/python3.12/site-packages/lightgbm/sklearn.py:1106: LGBMDeprecationWarning: The argument 'eval_set' is deprecated, use 'eval_X' and 'eval_y' instead.
  eval_set = _validate_eval_set_Xy(eval_set=eval_set, eval_X=eval_X, eval_y=eval_y)
/home/overxpowered/padhai_in_linux/Projects/AGNITIA-TERRA06/.venv/lib/python3.12/site-packages/lightgbm/sklearn.py:1106: LGBMDeprecationWarning: The argument 'eval_set' is deprecated, use 'eval_X' and 'eval_y' instead.
  eval_set = _validate_eval_set_Xy(eval_set=eval_set, eval_X=eval_X, eval_y=eval_y)
/home/overxpowered/padhai_in_linux/Projects/AGNITIA-TERRA06/.venv/lib/python3.12/site-packages/lightgbm/sklearn.py:1106: LGBMDeprecationWarning: The argument 'eval_set' is deprecated, use 'eval_X' and 'eval_y' instead.
  eval_set = _validate_eval_set_Xy(eval_set=eval_set, eval_X=eval_X, eval_y=eval_y)
/home/overxpowered/padhai_in_linux/Projects/AGNITIA-TERRA06/.venv/lib/python3.12/site-packages/lightgbm/sklearn.py:1106: LGBMDeprecationWarning: The argument 'eval_set' is deprecated, use 'eval_X' and 'eval_y' instead.
  eval_set = _validate_eval_set_Xy(eval_set=eval_set, eval_X=eval_X, eval_y=eval_y)
2026-10-09 07:17:36,906 INFO __main__: [wind Trial 40] pinball=0.85694 params={'num_leaves': 27, 'min_child_samples': 155, 'learning_rate': 0.017, 'subsample': 0.689, 'colsample_bytree': 0.9979, 'reg_lambda': 2.1017, 'reg_alpha': 3.9885}
[I 2026-10-09 07:17:36,906] Trial 40 finished with value: 0.8569423586781151 and parameters: {'num_leaves': 27, 'min_child_samples': 155, 'learning_rate': 0.01697859345762033, 'subsample': 0.6889879497525704, 'colsample_bytree': 0.9978832317000164, 'reg_lambda': 2.101732063283136, 'reg_alpha': 3.9884860371912723}. Best is trial 36 with value: 0.8375792118323041.
/home/overxpowered/padhai_in_linux/Projects/AGNITIA-TERRA06/.venv/lib/python3.12/site-packages/lightgbm/sklearn.py:1106: LGBMDeprecationWarning: The argument 'eval_set' is deprecated, use 'eval_X' and 'eval_y' instead.
  eval_set = _validate_eval_set_Xy(eval_set=eval_set, eval_X=eval_X, eval_y=eval_y)
/home/overxpowered/padhai_in_linux/Projects/AGNITIA-TERRA06/.venv/lib/python3.12/site-packages/lightgbm/sklearn.py:1106: LGBMDeprecationWarning: The argument 'eval_set' is deprecated, use 'eval_X' and 'eval_y' instead.
  eval_set = _validate_eval_set_Xy(eval_set=eval_set, eval_X=eval_X, eval_y=eval_y)
/home/overxpowered/padhai_in_linux/Projects/AGNITIA-TERRA06/.venv/lib/python3.12/site-packages/lightgbm/sklearn.py:1106: LGBMDeprecationWarning: The argument 'eval_set' is deprecated, use 'eval_X' and 'eval_y' instead.
  eval_set = _validate_eval_set_Xy(eval_set=eval_set, eval_X=eval_X, eval_y=eval_y)
/home/overxpowered/padhai_in_linux/Projects/AGNITIA-TERRA06/.venv/lib/python3.12/site-packages/lightgbm/sklearn.py:1106: LGBMDeprecationWarning: The argument 'eval_set' is deprecated, use 'eval_X' and 'eval_y' instead.
  eval_set = _validate_eval_set_Xy(eval_set=eval_set, eval_X=eval_X, eval_y=eval_y)
/home/overxpowered/padhai_in_linux/Projects/AGNITIA-TERRA06/.venv/lib/python3.12/site-packages/lightgbm/sklearn.py:1106: LGBMDeprecationWarning: The argument 'eval_set' is deprecated, use 'eval_X' and 'eval_y' instead.
  eval_set = _validate_eval_set_Xy(eval_set=eval_set, eval_X=eval_X, eval_y=eval_y)
2026-10-09 07:17:59,404 INFO __main__: [wind Trial 41] pinball=0.84189 params={'num_leaves': 17, 'min_child_samples': 144, 'learning_rate': 0.0125, 'subsample': 0.734, 'colsample_bytree': 0.8198, 'reg_lambda': 2.7886, 'reg_alpha': 3.2675}
[I 2026-10-09 07:17:59,405] Trial 41 finished with value: 0.8418903182646851 and parameters: {'num_leaves': 17, 'min_child_samples': 144, 'learning_rate': 0.012535529171374625, 'subsample': 0.7340129342943751, 'colsample_bytree': 0.8198428937094419, 'reg_lambda': 2.7885815476310096, 'reg_alpha': 3.2674678442026233}. Best is trial 36 with value: 0.8375792118323041.
/home/overxpowered/padhai_in_linux/Projects/AGNITIA-TERRA06/.venv/lib/python3.12/site-packages/lightgbm/sklearn.py:1106: LGBMDeprecationWarning: The argument 'eval_set' is deprecated, use 'eval_X' and 'eval_y' instead.
  eval_set = _validate_eval_set_Xy(eval_set=eval_set, eval_X=eval_X, eval_y=eval_y)
/home/overxpowered/padhai_in_linux/Projects/AGNITIA-TERRA06/.venv/lib/python3.12/site-packages/lightgbm/sklearn.py:1106: LGBMDeprecationWarning: The argument 'eval_set' is deprecated, use 'eval_X' and 'eval_y' instead.
  eval_set = _validate_eval_set_Xy(eval_set=eval_set, eval_X=eval_X, eval_y=eval_y)
/home/overxpowered/padhai_in_linux/Projects/AGNITIA-TERRA06/.venv/lib/python3.12/site-packages/lightgbm/sklearn.py:1106: LGBMDeprecationWarning: The argument 'eval_set' is deprecated, use 'eval_X' and 'eval_y' instead.
  eval_set = _validate_eval_set_Xy(eval_set=eval_set, eval_X=eval_X, eval_y=eval_y)
/home/overxpowered/padhai_in_linux/Projects/AGNITIA-TERRA06/.venv/lib/python3.12/site-packages/lightgbm/sklearn.py:1106: LGBMDeprecationWarning: The argument 'eval_set' is deprecated, use 'eval_X' and 'eval_y' instead.
  eval_set = _validate_eval_set_Xy(eval_set=eval_set, eval_X=eval_X, eval_y=eval_y)
/home/overxpowered/padhai_in_linux/Projects/AGNITIA-TERRA06/.venv/lib/python3.12/site-packages/lightgbm/sklearn.py:1106: LGBMDeprecationWarning: The argument 'eval_set' is deprecated, use 'eval_X' and 'eval_y' instead.
  eval_set = _validate_eval_set_Xy(eval_set=eval_set, eval_X=eval_X, eval_y=eval_y)
2026-10-09 07:18:20,650 INFO __main__: [wind Trial 42] pinball=0.84123 params={'num_leaves': 17, 'min_child_samples': 144, 'learning_rate': 0.0158, 'subsample': 0.7586, 'colsample_bytree': 0.8881, 'reg_lambda': 1.4299, 'reg_alpha': 3.7726}
[I 2026-10-09 07:18:20,650] Trial 42 finished with value: 0.8412284042563538 and parameters: {'num_leaves': 17, 'min_child_samples': 144, 'learning_rate': 0.015828093172568433, 'subsample': 0.7586243722386269, 'colsample_bytree': 0.8881133237374002, 'reg_lambda': 1.429880953244684, 'reg_alpha': 3.7726211751323904}. Best is trial 36 with value: 0.8375792118323041.
/home/overxpowered/padhai_in_linux/Projects/AGNITIA-TERRA06/.venv/lib/python3.12/site-packages/lightgbm/sklearn.py:1106: LGBMDeprecationWarning: The argument 'eval_set' is deprecated, use 'eval_X' and 'eval_y' instead.
  eval_set = _validate_eval_set_Xy(eval_set=eval_set, eval_X=eval_X, eval_y=eval_y)
/home/overxpowered/padhai_in_linux/Projects/AGNITIA-TERRA06/.venv/lib/python3.12/site-packages/lightgbm/sklearn.py:1106: LGBMDeprecationWarning: The argument 'eval_set' is deprecated, use 'eval_X' and 'eval_y' instead.
  eval_set = _validate_eval_set_Xy(eval_set=eval_set, eval_X=eval_X, eval_y=eval_y)
/home/overxpowered/padhai_in_linux/Projects/AGNITIA-TERRA06/.venv/lib/python3.12/site-packages/lightgbm/sklearn.py:1106: LGBMDeprecationWarning: The argument 'eval_set' is deprecated, use 'eval_X' and 'eval_y' instead.
  eval_set = _validate_eval_set_Xy(eval_set=eval_set, eval_X=eval_X, eval_y=eval_y)
/home/overxpowered/padhai_in_linux/Projects/AGNITIA-TERRA06/.venv/lib/python3.12/site-packages/lightgbm/sklearn.py:1106: LGBMDeprecationWarning: The argument 'eval_set' is deprecated, use 'eval_X' and 'eval_y' instead.
  eval_set = _validate_eval_set_Xy(eval_set=eval_set, eval_X=eval_X, eval_y=eval_y)
/home/overxpowered/padhai_in_linux/Projects/AGNITIA-TERRA06/.venv/lib/python3.12/site-packages/lightgbm/sklearn.py:1106: LGBMDeprecationWarning: The argument 'eval_set' is deprecated, use 'eval_X' and 'eval_y' instead.
  eval_set = _validate_eval_set_Xy(eval_set=eval_set, eval_X=eval_X, eval_y=eval_y)
2026-10-09 07:18:35,943 INFO __main__: [wind Trial 43] pinball=0.86086 params={'num_leaves': 27, 'min_child_samples': 112, 'learning_rate': 0.0204, 'subsample': 0.6674, 'colsample_bytree': 0.9644, 'reg_lambda': 0.1197, 'reg_alpha': 4.6759}
[I 2026-10-09 07:18:35,944] Trial 43 finished with value: 0.8608647420114943 and parameters: {'num_leaves': 27, 'min_child_samples': 112, 'learning_rate': 0.02036087430849684, 'subsample': 0.6673906792225013, 'colsample_bytree': 0.9643726991154731, 'reg_lambda': 0.11965121877854168, 'reg_alpha': 4.675893475093405}. Best is trial 36 with value: 0.8375792118323041.
/home/overxpowered/padhai_in_linux/Projects/AGNITIA-TERRA06/.venv/lib/python3.12/site-packages/lightgbm/sklearn.py:1106: LGBMDeprecationWarning: The argument 'eval_set' is deprecated, use 'eval_X' and 'eval_y' instead.
  eval_set = _validate_eval_set_Xy(eval_set=eval_set, eval_X=eval_X, eval_y=eval_y)
/home/overxpowered/padhai_in_linux/Projects/AGNITIA-TERRA06/.venv/lib/python3.12/site-packages/lightgbm/sklearn.py:1106: LGBMDeprecationWarning: The argument 'eval_set' is deprecated, use 'eval_X' and 'eval_y' instead.
  eval_set = _validate_eval_set_Xy(eval_set=eval_set, eval_X=eval_X, eval_y=eval_y)
/home/overxpowered/padhai_in_linux/Projects/AGNITIA-TERRA06/.venv/lib/python3.12/site-packages/lightgbm/sklearn.py:1106: LGBMDeprecationWarning: The argument 'eval_set' is deprecated, use 'eval_X' and 'eval_y' instead.
  eval_set = _validate_eval_set_Xy(eval_set=eval_set, eval_X=eval_X, eval_y=eval_y)
/home/overxpowered/padhai_in_linux/Projects/AGNITIA-TERRA06/.venv/lib/python3.12/site-packages/lightgbm/sklearn.py:1106: LGBMDeprecationWarning: The argument 'eval_set' is deprecated, use 'eval_X' and 'eval_y' instead.
  eval_set = _validate_eval_set_Xy(eval_set=eval_set, eval_X=eval_X, eval_y=eval_y)
/home/overxpowered/padhai_in_linux/Projects/AGNITIA-TERRA06/.venv/lib/python3.12/site-packages/lightgbm/sklearn.py:1106: LGBMDeprecationWarning: The argument 'eval_set' is deprecated, use 'eval_X' and 'eval_y' instead.
  eval_set = _validate_eval_set_Xy(eval_set=eval_set, eval_X=eval_X, eval_y=eval_y)
2026-10-09 07:18:54,795 INFO __main__: [wind Trial 44] pinball=0.85386 params={'num_leaves': 24, 'min_child_samples': 150, 'learning_rate': 0.0144, 'subsample': 0.7116, 'colsample_bytree': 0.9553, 'reg_lambda': 0.9623, 'reg_alpha': 4.6133}
[I 2026-10-09 07:18:54,796] Trial 44 finished with value: 0.8538627984528201 and parameters: {'num_leaves': 24, 'min_child_samples': 150, 'learning_rate': 0.01438346701234315, 'subsample': 0.7116163670751279, 'colsample_bytree': 0.9552840770703968, 'reg_lambda': 0.9622802320707697, 'reg_alpha': 4.61332818783051}. Best is trial 36 with value: 0.8375792118323041.
/home/overxpowered/padhai_in_linux/Projects/AGNITIA-TERRA06/.venv/lib/python3.12/site-packages/lightgbm/sklearn.py:1106: LGBMDeprecationWarning: The argument 'eval_set' is deprecated, use 'eval_X' and 'eval_y' instead.
  eval_set = _validate_eval_set_Xy(eval_set=eval_set, eval_X=eval_X, eval_y=eval_y)
/home/overxpowered/padhai_in_linux/Projects/AGNITIA-TERRA06/.venv/lib/python3.12/site-packages/lightgbm/sklearn.py:1106: LGBMDeprecationWarning: The argument 'eval_set' is deprecated, use 'eval_X' and 'eval_y' instead.
  eval_set = _validate_eval_set_Xy(eval_set=eval_set, eval_X=eval_X, eval_y=eval_y)
/home/overxpowered/padhai_in_linux/Projects/AGNITIA-TERRA06/.venv/lib/python3.12/site-packages/lightgbm/sklearn.py:1106: LGBMDeprecationWarning: The argument 'eval_set' is deprecated, use 'eval_X' and 'eval_y' instead.
  eval_set = _validate_eval_set_Xy(eval_set=eval_set, eval_X=eval_X, eval_y=eval_y)
/home/overxpowered/padhai_in_linux/Projects/AGNITIA-TERRA06/.venv/lib/python3.12/site-packages/lightgbm/sklearn.py:1106: LGBMDeprecationWarning: The argument 'eval_set' is deprecated, use 'eval_X' and 'eval_y' instead.
  eval_set = _validate_eval_set_Xy(eval_set=eval_set, eval_X=eval_X, eval_y=eval_y)
/home/overxpowered/padhai_in_linux/Projects/AGNITIA-TERRA06/.venv/lib/python3.12/site-packages/lightgbm/sklearn.py:1106: LGBMDeprecationWarning: The argument 'eval_set' is deprecated, use 'eval_X' and 'eval_y' instead.
  eval_set = _validate_eval_set_Xy(eval_set=eval_set, eval_X=eval_X, eval_y=eval_y)
2026-10-09 07:19:27,328 INFO __main__: [wind Trial 45] pinball=0.84684 params={'num_leaves': 19, 'min_child_samples': 133, 'learning_rate': 0.0109, 'subsample': 0.7419, 'colsample_bytree': 0.9423, 'reg_lambda': 1.1805, 'reg_alpha': 4.8852}
[I 2026-10-09 07:19:27,329] Trial 45 finished with value: 0.8468391165783686 and parameters: {'num_leaves': 19, 'min_child_samples': 133, 'learning_rate': 0.01087801276552638, 'subsample': 0.741948923223252, 'colsample_bytree': 0.9423141553559823, 'reg_lambda': 1.1804823918429959, 'reg_alpha': 4.8852192975704245}. Best is trial 36 with value: 0.8375792118323041.
/home/overxpowered/padhai_in_linux/Projects/AGNITIA-TERRA06/.venv/lib/python3.12/site-packages/lightgbm/sklearn.py:1106: LGBMDeprecationWarning: The argument 'eval_set' is deprecated, use 'eval_X' and 'eval_y' instead.
  eval_set = _validate_eval_set_Xy(eval_set=eval_set, eval_X=eval_X, eval_y=eval_y)
/home/overxpowered/padhai_in_linux/Projects/AGNITIA-TERRA06/.venv/lib/python3.12/site-packages/lightgbm/sklearn.py:1106: LGBMDeprecationWarning: The argument 'eval_set' is deprecated, use 'eval_X' and 'eval_y' instead.
  eval_set = _validate_eval_set_Xy(eval_set=eval_set, eval_X=eval_X, eval_y=eval_y)
/home/overxpowered/padhai_in_linux/Projects/AGNITIA-TERRA06/.venv/lib/python3.12/site-packages/lightgbm/sklearn.py:1106: LGBMDeprecationWarning: The argument 'eval_set' is deprecated, use 'eval_X' and 'eval_y' instead.
  eval_set = _validate_eval_set_Xy(eval_set=eval_set, eval_X=eval_X, eval_y=eval_y)
/home/overxpowered/padhai_in_linux/Projects/AGNITIA-TERRA06/.venv/lib/python3.12/site-packages/lightgbm/sklearn.py:1106: LGBMDeprecationWarning: The argument 'eval_set' is deprecated, use 'eval_X' and 'eval_y' instead.
  eval_set = _validate_eval_set_Xy(eval_set=eval_set, eval_X=eval_X, eval_y=eval_y)
/home/overxpowered/padhai_in_linux/Projects/AGNITIA-TERRA06/.venv/lib/python3.12/site-packages/lightgbm/sklearn.py:1106: LGBMDeprecationWarning: The argument 'eval_set' is deprecated, use 'eval_X' and 'eval_y' instead.
  eval_set = _validate_eval_set_Xy(eval_set=eval_set, eval_X=eval_X, eval_y=eval_y)
2026-10-09 07:19:44,695 INFO __main__: [wind Trial 46] pinball=0.84127 params={'num_leaves': 15, 'min_child_samples': 159, 'learning_rate': 0.0235, 'subsample': 0.7125, 'colsample_bytree': 0.9822, 'reg_lambda': 1.3677, 'reg_alpha': 4.8028}
[I 2026-10-09 07:19:44,696] Trial 46 finished with value: 0.8412708986552453 and parameters: {'num_leaves': 15, 'min_child_samples': 159, 'learning_rate': 0.02346683661285998, 'subsample': 0.7124558091485558, 'colsample_bytree': 0.9822034585953437, 'reg_lambda': 1.3677345188081238, 'reg_alpha': 4.802770079854986}. Best is trial 36 with value: 0.8375792118323041.
/home/overxpowered/padhai_in_linux/Projects/AGNITIA-TERRA06/.venv/lib/python3.12/site-packages/lightgbm/sklearn.py:1106: LGBMDeprecationWarning: The argument 'eval_set' is deprecated, use 'eval_X' and 'eval_y' instead.
  eval_set = _validate_eval_set_Xy(eval_set=eval_set, eval_X=eval_X, eval_y=eval_y)
/home/overxpowered/padhai_in_linux/Projects/AGNITIA-TERRA06/.venv/lib/python3.12/site-packages/lightgbm/sklearn.py:1106: LGBMDeprecationWarning: The argument 'eval_set' is deprecated, use 'eval_X' and 'eval_y' instead.
  eval_set = _validate_eval_set_Xy(eval_set=eval_set, eval_X=eval_X, eval_y=eval_y)
/home/overxpowered/padhai_in_linux/Projects/AGNITIA-TERRA06/.venv/lib/python3.12/site-packages/lightgbm/sklearn.py:1106: LGBMDeprecationWarning: The argument 'eval_set' is deprecated, use 'eval_X' and 'eval_y' instead.
  eval_set = _validate_eval_set_Xy(eval_set=eval_set, eval_X=eval_X, eval_y=eval_y)
/home/overxpowered/padhai_in_linux/Projects/AGNITIA-TERRA06/.venv/lib/python3.12/site-packages/lightgbm/sklearn.py:1106: LGBMDeprecationWarning: The argument 'eval_set' is deprecated, use 'eval_X' and 'eval_y' instead.
  eval_set = _validate_eval_set_Xy(eval_set=eval_set, eval_X=eval_X, eval_y=eval_y)
/home/overxpowered/padhai_in_linux/Projects/AGNITIA-TERRA06/.venv/lib/python3.12/site-packages/lightgbm/sklearn.py:1106: LGBMDeprecationWarning: The argument 'eval_set' is deprecated, use 'eval_X' and 'eval_y' instead.
  eval_set = _validate_eval_set_Xy(eval_set=eval_set, eval_X=eval_X, eval_y=eval_y)
2026-10-09 07:20:04,064 INFO __main__: [wind Trial 47] pinball=0.84256 params={'num_leaves': 18, 'min_child_samples': 135, 'learning_rate': 0.0172, 'subsample': 0.7452, 'colsample_bytree': 0.8982, 'reg_lambda': 2.8301, 'reg_alpha': 3.8484}
[I 2026-10-09 07:20:04,065] Trial 47 finished with value: 0.8425641476427079 and parameters: {'num_leaves': 18, 'min_child_samples': 135, 'learning_rate': 0.017169148948607015, 'subsample': 0.7451914458114538, 'colsample_bytree': 0.8981895064974288, 'reg_lambda': 2.8300849454146104, 'reg_alpha': 3.848417088041693}. Best is trial 36 with value: 0.8375792118323041.
/home/overxpowered/padhai_in_linux/Projects/AGNITIA-TERRA06/.venv/lib/python3.12/site-packages/lightgbm/sklearn.py:1106: LGBMDeprecationWarning: The argument 'eval_set' is deprecated, use 'eval_X' and 'eval_y' instead.
  eval_set = _validate_eval_set_Xy(eval_set=eval_set, eval_X=eval_X, eval_y=eval_y)
/home/overxpowered/padhai_in_linux/Projects/AGNITIA-TERRA06/.venv/lib/python3.12/site-packages/lightgbm/sklearn.py:1106: LGBMDeprecationWarning: The argument 'eval_set' is deprecated, use 'eval_X' and 'eval_y' instead.
  eval_set = _validate_eval_set_Xy(eval_set=eval_set, eval_X=eval_X, eval_y=eval_y)
/home/overxpowered/padhai_in_linux/Projects/AGNITIA-TERRA06/.venv/lib/python3.12/site-packages/lightgbm/sklearn.py:1106: LGBMDeprecationWarning: The argument 'eval_set' is deprecated, use 'eval_X' and 'eval_y' instead.
  eval_set = _validate_eval_set_Xy(eval_set=eval_set, eval_X=eval_X, eval_y=eval_y)
/home/overxpowered/padhai_in_linux/Projects/AGNITIA-TERRA06/.venv/lib/python3.12/site-packages/lightgbm/sklearn.py:1106: LGBMDeprecationWarning: The argument 'eval_set' is deprecated, use 'eval_X' and 'eval_y' instead.
  eval_set = _validate_eval_set_Xy(eval_set=eval_set, eval_X=eval_X, eval_y=eval_y)
/home/overxpowered/padhai_in_linux/Projects/AGNITIA-TERRA06/.venv/lib/python3.12/site-packages/lightgbm/sklearn.py:1106: LGBMDeprecationWarning: The argument 'eval_set' is deprecated, use 'eval_X' and 'eval_y' instead.
  eval_set = _validate_eval_set_Xy(eval_set=eval_set, eval_X=eval_X, eval_y=eval_y)
2026-10-09 07:20:21,324 INFO __main__: [wind Trial 48] pinball=0.85859 params={'num_leaves': 23, 'min_child_samples': 100, 'learning_rate': 0.0231, 'subsample': 0.7528, 'colsample_bytree': 0.9864, 'reg_lambda': 1.1871, 'reg_alpha': 3.9748}
[I 2026-10-09 07:20:21,324] Trial 48 finished with value: 0.8585920065539577 and parameters: {'num_leaves': 23, 'min_child_samples': 100, 'learning_rate': 0.02312734791542643, 'subsample': 0.7527744895761069, 'colsample_bytree': 0.9863738890704374, 'reg_lambda': 1.1870699508564884, 'reg_alpha': 3.974750469328002}. Best is trial 36 with value: 0.8375792118323041.
/home/overxpowered/padhai_in_linux/Projects/AGNITIA-TERRA06/.venv/lib/python3.12/site-packages/lightgbm/sklearn.py:1106: LGBMDeprecationWarning: The argument 'eval_set' is deprecated, use 'eval_X' and 'eval_y' instead.
  eval_set = _validate_eval_set_Xy(eval_set=eval_set, eval_X=eval_X, eval_y=eval_y)
/home/overxpowered/padhai_in_linux/Projects/AGNITIA-TERRA06/.venv/lib/python3.12/site-packages/lightgbm/sklearn.py:1106: LGBMDeprecationWarning: The argument 'eval_set' is deprecated, use 'eval_X' and 'eval_y' instead.
  eval_set = _validate_eval_set_Xy(eval_set=eval_set, eval_X=eval_X, eval_y=eval_y)
/home/overxpowered/padhai_in_linux/Projects/AGNITIA-TERRA06/.venv/lib/python3.12/site-packages/lightgbm/sklearn.py:1106: LGBMDeprecationWarning: The argument 'eval_set' is deprecated, use 'eval_X' and 'eval_y' instead.
  eval_set = _validate_eval_set_Xy(eval_set=eval_set, eval_X=eval_X, eval_y=eval_y)
/home/overxpowered/padhai_in_linux/Projects/AGNITIA-TERRA06/.venv/lib/python3.12/site-packages/lightgbm/sklearn.py:1106: LGBMDeprecationWarning: The argument 'eval_set' is deprecated, use 'eval_X' and 'eval_y' instead.
  eval_set = _validate_eval_set_Xy(eval_set=eval_set, eval_X=eval_X, eval_y=eval_y)
/home/overxpowered/padhai_in_linux/Projects/AGNITIA-TERRA06/.venv/lib/python3.12/site-packages/lightgbm/sklearn.py:1106: LGBMDeprecationWarning: The argument 'eval_set' is deprecated, use 'eval_X' and 'eval_y' instead.
  eval_set = _validate_eval_set_Xy(eval_set=eval_set, eval_X=eval_X, eval_y=eval_y)
2026-10-09 07:20:37,358 INFO __main__: [wind Trial 49] pinball=0.84214 params={'num_leaves': 17, 'min_child_samples': 126, 'learning_rate': 0.0237, 'subsample': 0.774, 'colsample_bytree': 0.9553, 'reg_lambda': 1.1901, 'reg_alpha': 4.9503}
