[I 2026-10-09 07:13:48,290] Trial 29 finished with value: 0.8546076656031575 and parameters: {'num_leaves': 23, 'min_child_samples': 164, 'learning_rate': 0.011242532108118364, 'subsample': 0.6676217119618127, 'colsample_bytree': 0.876382863424448, 'reg_lambda': 2.1613055592474906, 'reg_alpha': 4.961722400219663}. Best is trial 14 with value: 0.8397194576163944.
/home/overxpowered/padhai_in_linux/Projects/AGNITIA-TERRA06/.venv/lib/python3.12/site-packages/lightgbm/sklearn.py:1106: LGBMDeprecationWarning: The argument 'eval_set' is deprecated, use 'eval_X' and 'eval_y' instead.
  eval_set = _validate_eval_set_Xy(eval_set=eval_set, eval_X=eval_X, eval_y=eval_y)
/home/overxpowered/padhai_in_linux/Projects/AGNITIA-TERRA06/.venv/lib/python3.12/site-packages/lightgbm/sklearn.py:1106: LGBMDeprecationWarning: The argument 'eval_set' is deprecated, use 'eval_X' and 'eval_y' instead.
  eval_set = _validate_eval_set_Xy(eval_set=eval_set, eval_X=eval_X, eval_y=eval_y)
/home/overxpowered/padhai_in_linux/Projects/AGNITIA-TERRA06/.venv/lib/python3.12/site-packages/lightgbm/sklearn.py:1106: LGBMDeprecationWarning: The argument 'eval_set' is deprecated, use 'eval_X' and 'eval_y' instead.
  eval_set = _validate_eval_set_Xy(eval_set=eval_set, eval_X=eval_X, eval_y=eval_y)
/home/overxpowered/padhai_in_linux/Projects/AGNITIA-TERRA06/.venv/lib/python3.12/site-packages/lightgbm/sklearn.py:1106: LGBMDeprecationWarning: The argument 'eval_set' is deprecated, use 'eval_X' and 'eval_y' instead.
  eval_set = _validate_eval_set_Xy(eval_set=eval_set, eval_X=eval_X, eval_y=eval_y)
/home/overxpowered/padhai_in_linux/Projects/AGNITIA-TERRA06/.venv/lib/python3.12/site-packages/lightgbm/sklearn.py:1106: LGBMDeprecationWarning: The argument 'eval_set' is deprecated, use 'eval_X' and 'eval_y' instead.
  eval_set = _validate_eval_set_Xy(eval_set=eval_set, eval_X=eval_X, eval_y=eval_y)
2026-10-09 07:14:14,262 INFO __main__: [wind Trial 30] pinball=0.83887 params={'num_leaves': 16, 'min_child_samples': 138, 'learning_rate': 0.014, 'subsample': 0.7088, 'colsample_bytree': 0.95, 'reg_lambda': 1.3949, 'reg_alpha': 3.482}
[I 2026-10-09 07:14:14,262] Trial 30 finished with value: 0.8388674712967875 and parameters: {'num_leaves': 16, 'min_child_samples': 138, 'learning_rate': 0.013966480413256693, 'subsample': 0.7088230158856389, 'colsample_bytree': 0.9499543814889079, 'reg_lambda': 1.3948870010647074, 'reg_alpha': 3.4820362130786977}. Best is trial 30 with value: 0.8388674712967875.
/home/overxpowered/padhai_in_linux/Projects/AGNITIA-TERRA06/.venv/lib/python3.12/site-packages/lightgbm/sklearn.py:1106: LGBMDeprecationWarning: The argument 'eval_set' is deprecated, use 'eval_X' and 'eval_y' instead.
  eval_set = _validate_eval_set_Xy(eval_set=eval_set, eval_X=eval_X, eval_y=eval_y)
/home/overxpowered/padhai_in_linux/Projects/AGNITIA-TERRA06/.venv/lib/python3.12/site-packages/lightgbm/sklearn.py:1106: LGBMDeprecationWarning: The argument 'eval_set' is deprecated, use 'eval_X' and 'eval_y' instead.
  eval_set = _validate_eval_set_Xy(eval_set=eval_set, eval_X=eval_X, eval_y=eval_y)
/home/overxpowered/padhai_in_linux/Projects/AGNITIA-TERRA06/.venv/lib/python3.12/site-packages/lightgbm/sklearn.py:1106: LGBMDeprecationWarning: The argument 'eval_set' is deprecated, use 'eval_X' and 'eval_y' instead.
  eval_set = _validate_eval_set_Xy(eval_set=eval_set, eval_X=eval_X, eval_y=eval_y)
/home/overxpowered/padhai_in_linux/Projects/AGNITIA-TERRA06/.venv/lib/python3.12/site-packages/lightgbm/sklearn.py:1106: LGBMDeprecationWarning: The argument 'eval_set' is deprecated, use 'eval_X' and 'eval_y' instead.
  eval_set = _validate_eval_set_Xy(eval_set=eval_set, eval_X=eval_X, eval_y=eval_y)
/home/overxpowered/padhai_in_linux/Projects/AGNITIA-TERRA06/.venv/lib/python3.12/site-packages/lightgbm/sklearn.py:1106: LGBMDeprecationWarning: The argument 'eval_set' is deprecated, use 'eval_X' and 'eval_y' instead.
  eval_set = _validate_eval_set_Xy(eval_set=eval_set, eval_X=eval_X, eval_y=eval_y)
2026-10-09 07:14:36,126 INFO __main__: [wind Trial 31] pinball=0.84258 params={'num_leaves': 17, 'min_child_samples': 151, 'learning_rate': 0.0156, 'subsample': 0.7955, 'colsample_bytree': 0.9512, 'reg_lambda': 1.6261, 'reg_alpha': 4.3235}
[I 2026-10-09 07:14:36,126] Trial 31 finished with value: 0.8425782982619348 and parameters: {'num_leaves': 17, 'min_child_samples': 151, 'learning_rate': 0.01558081022300071, 'subsample': 0.7954766148845603, 'colsample_bytree': 0.9511944740935511, 'reg_lambda': 1.6260668286411866, 'reg_alpha': 4.323483238255397}. Best is trial 30 with value: 0.8388674712967875.
/home/overxpowered/padhai_in_linux/Projects/AGNITIA-TERRA06/.venv/lib/python3.12/site-packages/lightgbm/sklearn.py:1106: LGBMDeprecationWarning: The argument 'eval_set' is deprecated, use 'eval_X' and 'eval_y' instead.
  eval_set = _validate_eval_set_Xy(eval_set=eval_set, eval_X=eval_X, eval_y=eval_y)
/home/overxpowered/padhai_in_linux/Projects/AGNITIA-TERRA06/.venv/lib/python3.12/site-packages/lightgbm/sklearn.py:1106: LGBMDeprecationWarning: The argument 'eval_set' is deprecated, use 'eval_X' and 'eval_y' instead.
  eval_set = _validate_eval_set_Xy(eval_set=eval_set, eval_X=eval_X, eval_y=eval_y)
/home/overxpowered/padhai_in_linux/Projects/AGNITIA-TERRA06/.venv/lib/python3.12/site-packages/lightgbm/sklearn.py:1106: LGBMDeprecationWarning: The argument 'eval_set' is deprecated, use 'eval_X' and 'eval_y' instead.
  eval_set = _validate_eval_set_Xy(eval_set=eval_set, eval_X=eval_X, eval_y=eval_y)
/home/overxpowered/padhai_in_linux/Projects/AGNITIA-TERRA06/.venv/lib/python3.12/site-packages/lightgbm/sklearn.py:1106: LGBMDeprecationWarning: The argument 'eval_set' is deprecated, use 'eval_X' and 'eval_y' instead.
  eval_set = _validate_eval_set_Xy(eval_set=eval_set, eval_X=eval_X, eval_y=eval_y)
/home/overxpowered/padhai_in_linux/Projects/AGNITIA-TERRA06/.venv/lib/python3.12/site-packages/lightgbm/sklearn.py:1106: LGBMDeprecationWarning: The argument 'eval_set' is deprecated, use 'eval_X' and 'eval_y' instead.
  eval_set = _validate_eval_set_Xy(eval_set=eval_set, eval_X=eval_X, eval_y=eval_y)
2026-10-09 07:15:02,776 INFO __main__: [wind Trial 32] pinball=0.84546 params={'num_leaves': 17, 'min_child_samples': 162, 'learning_rate': 0.0124, 'subsample': 0.6787, 'colsample_bytree': 0.9997, 'reg_lambda': 1.151, 'reg_alpha': 4.0568}
[I 2026-10-09 07:15:02,776] Trial 32 finished with value: 0.845463153847227 and parameters: {'num_leaves': 17, 'min_child_samples': 162, 'learning_rate': 0.01244425197465948, 'subsample': 0.6787051593205373, 'colsample_bytree': 0.9997438248080341, 'reg_lambda': 1.1510246392508674, 'reg_alpha': 4.056836216106379}. Best is trial 30 with value: 0.8388674712967875.
/home/overxpowered/padhai_in_linux/Projects/AGNITIA-TERRA06/.venv/lib/python3.12/site-packages/lightgbm/sklearn.py:1106: LGBMDeprecationWarning: The argument 'eval_set' is deprecated, use 'eval_X' and 'eval_y' instead.
  eval_set = _validate_eval_set_Xy(eval_set=eval_set, eval_X=eval_X, eval_y=eval_y)
/home/overxpowered/padhai_in_linux/Projects/AGNITIA-TERRA06/.venv/lib/python3.12/site-packages/lightgbm/sklearn.py:1106: LGBMDeprecationWarning: The argument 'eval_set' is deprecated, use 'eval_X' and 'eval_y' instead.
  eval_set = _validate_eval_set_Xy(eval_set=eval_set, eval_X=eval_X, eval_y=eval_y)
/home/overxpowered/padhai_in_linux/Projects/AGNITIA-TERRA06/.venv/lib/python3.12/site-packages/lightgbm/sklearn.py:1106: LGBMDeprecationWarning: The argument 'eval_set' is deprecated, use 'eval_X' and 'eval_y' instead.
  eval_set = _validate_eval_set_Xy(eval_set=eval_set, eval_X=eval_X, eval_y=eval_y)
/home/overxpowered/padhai_in_linux/Projects/AGNITIA-TERRA06/.venv/lib/python3.12/site-packages/lightgbm/sklearn.py:1106: LGBMDeprecationWarning: The argument 'eval_set' is deprecated, use 'eval_X' and 'eval_y' instead.
  eval_set = _validate_eval_set_Xy(eval_set=eval_set, eval_X=eval_X, eval_y=eval_y)
/home/overxpowered/padhai_in_linux/Projects/AGNITIA-TERRA06/.venv/lib/python3.12/site-packages/lightgbm/sklearn.py:1106: LGBMDeprecationWarning: The argument 'eval_set' is deprecated, use 'eval_X' and 'eval_y' instead.
  eval_set = _validate_eval_set_Xy(eval_set=eval_set, eval_X=eval_X, eval_y=eval_y)
2026-10-09 07:15:19,961 INFO __main__: [wind Trial 33] pinball=0.86072 params={'num_leaves': 30, 'min_child_samples': 124, 'learning_rate': 0.0166, 'subsample': 0.6698, 'colsample_bytree': 0.9622, 'reg_lambda': 0.9341, 'reg_alpha': 3.465}
[I 2026-10-09 07:15:19,962] Trial 33 finished with value: 0.8607180476385026 and parameters: {'num_leaves': 30, 'min_child_samples': 124, 'learning_rate': 0.01660381006487385, 'subsample': 0.6698056417155892, 'colsample_bytree': 0.9621853041013575, 'reg_lambda': 0.9340975624385772, 'reg_alpha': 3.4650412969296425}. Best is trial 30 with value: 0.8388674712967875.
/home/overxpowered/padhai_in_linux/Projects/AGNITIA-TERRA06/.venv/lib/python3.12/site-packages/lightgbm/sklearn.py:1106: LGBMDeprecationWarning: The argument 'eval_set' is deprecated, use 'eval_X' and 'eval_y' instead.
  eval_set = _validate_eval_set_Xy(eval_set=eval_set, eval_X=eval_X, eval_y=eval_y)
/home/overxpowered/padhai_in_linux/Projects/AGNITIA-TERRA06/.venv/lib/python3.12/site-packages/lightgbm/sklearn.py:1106: LGBMDeprecationWarning: The argument 'eval_set' is deprecated, use 'eval_X' and 'eval_y' instead.
  eval_set = _validate_eval_set_Xy(eval_set=eval_set, eval_X=eval_X, eval_y=eval_y)
/home/overxpowered/padhai_in_linux/Projects/AGNITIA-TERRA06/.venv/lib/python3.12/site-packages/lightgbm/sklearn.py:1106: LGBMDeprecationWarning: The argument 'eval_set' is deprecated, use 'eval_X' and 'eval_y' instead.
  eval_set = _validate_eval_set_Xy(eval_set=eval_set, eval_X=eval_X, eval_y=eval_y)
/home/overxpowered/padhai_in_linux/Projects/AGNITIA-TERRA06/.venv/lib/python3.12/site-packages/lightgbm/sklearn.py:1106: LGBMDeprecationWarning: The argument 'eval_set' is deprecated, use 'eval_X' and 'eval_y' instead.
  eval_set = _validate_eval_set_Xy(eval_set=eval_set, eval_X=eval_X, eval_y=eval_y)
/home/overxpowered/padhai_in_linux/Projects/AGNITIA-TERRA06/.venv/lib/python3.12/site-packages/lightgbm/sklearn.py:1106: LGBMDeprecationWarning: The argument 'eval_set' is deprecated, use 'eval_X' and 'eval_y' instead.
  eval_set = _validate_eval_set_Xy(eval_set=eval_set, eval_X=eval_X, eval_y=eval_y)
2026-10-09 07:15:37,009 INFO __main__: [wind Trial 34] pinball=0.85966 params={'num_leaves': 25, 'min_child_samples': 102, 'learning_rate': 0.0168, 'subsample': 0.763, 'colsample_bytree': 0.9717, 'reg_lambda': 1.385, 'reg_alpha': 4.0852}
[I 2026-10-09 07:15:37,009] Trial 34 finished with value: 0.8596591431058757 and parameters: {'num_leaves': 25, 'min_child_samples': 102, 'learning_rate': 0.01675836088683259, 'subsample': 0.7630341169680627, 'colsample_bytree': 0.9717107517994803, 'reg_lambda': 1.3849607957823848, 'reg_alpha': 4.085190867111965}. Best is trial 30 with value: 0.8388674712967875.
/home/overxpowered/padhai_in_linux/Projects/AGNITIA-TERRA06/.venv/lib/python3.12/site-packages/lightgbm/sklearn.py:1106: LGBMDeprecationWarning: The argument 'eval_set' is deprecated, use 'eval_X' and 'eval_y' instead.
  eval_set = _validate_eval_set_Xy(eval_set=eval_set, eval_X=eval_X, eval_y=eval_y)
/home/overxpowered/padhai_in_linux/Projects/AGNITIA-TERRA06/.venv/lib/python3.12/site-packages/lightgbm/sklearn.py:1106: LGBMDeprecationWarning: The argument 'eval_set' is deprecated, use 'eval_X' and 'eval_y' instead.
  eval_set = _validate_eval_set_Xy(eval_set=eval_set, eval_X=eval_X, eval_y=eval_y)
/home/overxpowered/padhai_in_linux/Projects/AGNITIA-TERRA06/.venv/lib/python3.12/site-packages/lightgbm/sklearn.py:1106: LGBMDeprecationWarning: The argument 'eval_set' is deprecated, use 'eval_X' and 'eval_y' instead.
  eval_set = _validate_eval_set_Xy(eval_set=eval_set, eval_X=eval_X, eval_y=eval_y)
/home/overxpowered/padhai_in_linux/Projects/AGNITIA-TERRA06/.venv/lib/python3.12/site-packages/lightgbm/sklearn.py:1106: LGBMDeprecationWarning: The argument 'eval_set' is deprecated, use 'eval_X' and 'eval_y' instead.
  eval_set = _validate_eval_set_Xy(eval_set=eval_set, eval_X=eval_X, eval_y=eval_y)
/home/overxpowered/padhai_in_linux/Projects/AGNITIA-TERRA06/.venv/lib/python3.12/site-packages/lightgbm/sklearn.py:1106: LGBMDeprecationWarning: The argument 'eval_set' is deprecated, use 'eval_X' and 'eval_y' instead.
  eval_set = _validate_eval_set_Xy(eval_set=eval_set, eval_X=eval_X, eval_y=eval_y)
2026-10-09 07:15:51,241 INFO __main__: [wind Trial 35] pinball=0.85442 params={'num_leaves': 27, 'min_child_samples': 140, 'learning_rate': 0.0212, 'subsample': 0.758, 'colsample_bytree': 0.9373, 'reg_lambda': 2.4317, 'reg_alpha': 3.7392}
[I 2026-10-09 07:15:51,242] Trial 35 finished with value: 0.8544236120375508 and parameters: {'num_leaves': 27, 'min_child_samples': 140, 'learning_rate': 0.02119987283858158, 'subsample': 0.7579818674942916, 'colsample_bytree': 0.9372796078115615, 'reg_lambda': 2.431730244745253, 'reg_alpha': 3.739193312273377}. Best is trial 30 with value: 0.8388674712967875.
/home/overxpowered/padhai_in_linux/Projects/AGNITIA-TERRA06/.venv/lib/python3.12/site-packages/lightgbm/sklearn.py:1106: LGBMDeprecationWarning: The argument 'eval_set' is deprecated, use 'eval_X' and 'eval_y' instead.
  eval_set = _validate_eval_set_Xy(eval_set=eval_set, eval_X=eval_X, eval_y=eval_y)
/home/overxpowered/padhai_in_linux/Projects/AGNITIA-TERRA06/.venv/lib/python3.12/site-packages/lightgbm/sklearn.py:1106: LGBMDeprecationWarning: The argument 'eval_set' is deprecated, use 'eval_X' and 'eval_y' instead.
  eval_set = _validate_eval_set_Xy(eval_set=eval_set, eval_X=eval_X, eval_y=eval_y)
/home/overxpowered/padhai_in_linux/Projects/AGNITIA-TERRA06/.venv/lib/python3.12/site-packages/lightgbm/sklearn.py:1106: LGBMDeprecationWarning: The argument 'eval_set' is deprecated, use 'eval_X' and 'eval_y' instead.
  eval_set = _validate_eval_set_Xy(eval_set=eval_set, eval_X=eval_X, eval_y=eval_y)
/home/overxpowered/padhai_in_linux/Projects/AGNITIA-TERRA06/.venv/lib/python3.12/site-packages/lightgbm/sklearn.py:1106: LGBMDeprecationWarning: The argument 'eval_set' is deprecated, use 'eval_X' and 'eval_y' instead.
  eval_set = _validate_eval_set_Xy(eval_set=eval_set, eval_X=eval_X, eval_y=eval_y)
/home/overxpowered/padhai_in_linux/Projects/AGNITIA-TERRA06/.venv/lib/python3.12/site-packages/lightgbm/sklearn.py:1106: LGBMDeprecationWarning: The argument 'eval_set' is deprecated, use 'eval_X' and 'eval_y' instead.
  eval_set = _validate_eval_set_Xy(eval_set=eval_set, eval_X=eval_X, eval_y=eval_y)
2026-10-09 07:16:15,964 INFO __main__: [wind Trial 36] pinball=0.83758 params={'num_leaves': 15, 'min_child_samples': 131, 'learning_rate': 0.0117, 'subsample': 0.7382, 'colsample_bytree': 0.8302, 'reg_lambda': 2.1095, 'reg_alpha': 3.5801}
[I 2026-10-09 07:16:15,964] Trial 36 finished with value: 0.8375792118323041 and parameters: {'num_leaves': 15, 'min_child_samples': 131, 'learning_rate': 0.011700980374497547, 'subsample': 0.73823881319866, 'colsample_bytree': 0.8302478691655253, 'reg_lambda': 2.109474270864902, 'reg_alpha': 3.580110671312923}. Best is trial 36 with value: 0.8375792118323041.
/home/overxpowered/padhai_in_linux/Projects/AGNITIA-TERRA06/.venv/lib/python3.12/site-packages/lightgbm/sklearn.py:1106: LGBMDeprecationWarning: The argument 'eval_set' is deprecated, use 'eval_X' and 'eval_y' instead.
  eval_set = _validate_eval_set_Xy(eval_set=eval_set, eval_X=eval_X, eval_y=eval_y)
/home/overxpowered/padhai_in_linux/Projects/AGNITIA-TERRA06/.venv/lib/python3.12/site-packages/lightgbm/sklearn.py:1106: LGBMDeprecationWarning: The argument 'eval_set' is deprecated, use 'eval_X' and 'eval_y' instead.
  eval_set = _validate_eval_set_Xy(eval_set=eval_set, eval_X=eval_X, eval_y=eval_y)
/home/overxpowered/padhai_in_linux/Projects/AGNITIA-TERRA06/.venv/lib/python3.12/site-packages/lightgbm/sklearn.py:1106: LGBMDeprecationWarning: The argument 'eval_set' is deprecated, use 'eval_X' and 'eval_y' instead.
  eval_set = _validate_eval_set_Xy(eval_set=eval_set, eval_X=eval_X, eval_y=eval_y)
/home/overxpowered/padhai_in_linux/Projects/AGNITIA-TERRA06/.venv/lib/python3.12/site-packages/lightgbm/sklearn.py:1106: LGBMDeprecationWarning: The argument 'eval_set' is deprecated, use 'eval_X' and 'eval_y' instead.
  eval_set = _validate_eval_set_Xy(eval_set=eval_set, eval_X=eval_X, eval_y=eval_y)
/home/overxpowered/padhai_in_linux/Projects/AGNITIA-TERRA06/.venv/lib/python3.12/site-packages/lightgbm/sklearn.py:1106: LGBMDeprecationWarning: The argument 'eval_set' is deprecated, use 'eval_X' and 'eval_y' instead.
  eval_set = _validate_eval_set_Xy(eval_set=eval_set, eval_X=eval_X, eval_y=eval_y)
2026-10-09 07:16:40,022 INFO __main__: [wind Trial 37] pinball=0.84705 params={'num_leaves': 19, 'min_child_samples': 124, 'learning_rate': 0.0136, 'subsample': 0.7453, 'colsample_bytree': 0.9673, 'reg_lambda': 1.3992, 'reg_alpha': 3.4687}
[I 2026-10-09 07:16:40,022] Trial 37 finished with value: 0.8470472807102458 and parameters: {'num_leaves': 19, 'min_child_samples': 124, 'learning_rate': 0.013572550740482497, 'subsample': 0.7453031522263583, 'colsample_bytree': 0.9672784077831516, 'reg_lambda': 1.3992180477765792, 'reg_alpha': 3.4687272399630027}. Best is trial 36 with value: 0.8375792118323041.
/home/overxpowered/padhai_in_linux/Projects/AGNITIA-TERRA06/.venv/lib/python3.12/site-packages/lightgbm/sklearn.py:1106: LGBMDeprecationWarning: The argument 'eval_set' is deprecated, use 'eval_X' and 'eval_y' instead.
  eval_set = _validate_eval_set_Xy(eval_set=eval_set, eval_X=eval_X, eval_y=eval_y)
/home/overxpowered/padhai_in_linux/Projects/AGNITIA-TERRA06/.venv/lib/python3.12/site-packages/lightgbm/sklearn.py:1106: LGBMDeprecationWarning: The argument 'eval_set' is deprecated, use 'eval_X' and 'eval_y' instead.
  eval_set = _validate_eval_set_Xy(eval_set=eval_set, eval_X=eval_X, eval_y=eval_y)
/home/overxpowered/padhai_in_linux/Projects/AGNITIA-TERRA06/.venv/lib/python3.12/site-packages/lightgbm/sklearn.py:1106: LGBMDeprecationWarning: The argument 'eval_set' is deprecated, use 'eval_X' and 'eval_y' instead.
  eval_set = _validate_eval_set_Xy(eval_set=eval_set, eval_X=eval_X, eval_y=eval_y)
/home/overxpowered/padhai_in_linux/Projects/AGNITIA-TERRA06/.venv/lib/python3.12/site-packages/lightgbm/sklearn.py:1106: LGBMDeprecationWarning: The argument 'eval_set' is deprecated, use 'eval_X' and 'eval_y' instead.
  eval_set = _validate_eval_set_Xy(eval_set=eval_set, eval_X=eval_X, eval_y=eval_y)
/home/overxpowered/padhai_in_linux/Projects/AGNITIA-TERRA06/.venv/lib/python3.12/site-packages/lightgbm/sklearn.py:1106: LGBMDeprecationWarning: The argument 'eval_set' is deprecated, use 'eval_X' and 'eval_y' instead.
  eval_set = _validate_eval_set_Xy(eval_set=eval_set, eval_X=eval_X, eval_y=eval_y)
2026-10-09 07:16:54,971 INFO __main__: [wind Trial 38] pinball=0.86114 params={'num_leaves': 33, 'min_child_samples': 123, 'learning_rate': 0.0206, 'subsample': 0.7359, 'colsample_bytree': 0.8714, 'reg_lambda': 0.4463, 'reg_alpha': 4.5311}
[I 2026-10-09 07:16:54,971] Trial 38 finished with value: 0.8611423159112901 and parameters: {'num_leaves': 33, 'min_child_samples': 123, 'learning_rate': 0.020635336218189453, 'subsample': 0.7358878905179042, 'colsample_bytree': 0.8713832896072651, 'reg_lambda': 0.4463106191560745, 'reg_alpha': 4.531093640023856}. Best is trial 36 with value: 0.8375792118323041.
/home/overxpowered/padhai_in_linux/Projects/AGNITIA-TERRA06/.venv/lib/python3.12/site-packages/lightgbm/sklearn.py:1106: LGBMDeprecationWarning: The argument 'eval_set' is deprecated, use 'eval_X' and 'eval_y' instead.
  eval_set = _validate_eval_set_Xy(eval_set=eval_set, eval_X=eval_X, eval_y=eval_y)
/home/overxpowered/padhai_in_linux/Projects/AGNITIA-TERRA06/.venv/lib/python3.12/site-packages/lightgbm/sklearn.py:1106: LGBMDeprecationWarning: The argument 'eval_set' is deprecated, use 'eval_X' and 'eval_y' instead.
  eval_set = _validate_eval_set_Xy(eval_set=eval_set, eval_X=eval_X, eval_y=eval_y)
/home/overxpowered/padhai_in_linux/Projects/AGNITIA-TERRA06/.venv/lib/python3.12/site-packages/lightgbm/sklearn.py:1106: LGBMDeprecationWarning: The argument 'eval_set' is deprecated, use 'eval_X' and 'eval_y' instead.
  eval_set = _validate_eval_set_Xy(eval_set=eval_set, eval_X=eval_X, eval_y=eval_y)
/home/overxpowered/padhai_in_linux/Projects/AGNITIA-TERRA06/.venv/lib/python3.12/site-packages/lightgbm/sklearn.py:1106: LGBMDeprecationWarning: The argument 'eval_set' is deprecated, use 'eval_X' and 'eval_y' instead.
  eval_set = _validate_eval_set_Xy(eval_set=eval_set, eval_X=eval_X, eval_y=eval_y)
/home/overxpowered/padhai_in_linux/Projects/AGNITIA-TERRA06/.venv/lib/python3.12/site-packages/lightgbm/sklearn.py:1106: LGBMDeprecationWarning: The argument 'eval_set' is deprecated, use 'eval_X' and 'eval_y' instead.
  eval_set = _validate_eval_set_Xy(eval_set=eval_set, eval_X=eval_X, eval_y=eval_y)
2026-10-09 07:17:19,141 INFO __main__: [wind Trial 39] pinball=0.85912 params={'num_leaves': 28, 'min_child_samples': 151, 'learning_rate': 0.0113, 'subsample': 0.7125, 'colsample_bytree': 0.9252, 'reg_lambda': 1.6984, 'reg_alpha': 3.4325}
