[I 2026-10-09 07:03:16,640] Trial 89 finished with value: 0.4430400660633319 and parameters: {'num_leaves': 25, 'min_child_samples': 191, 'learning_rate': 0.02583082048213212, 'subsample': 0.7422566168542872, 'colsample_bytree': 0.9848555398442811, 'reg_lambda': 3.9725663043471098, 'reg_alpha': 4.870475733882975}. Best is trial 53 with value: 0.4411638516936057.
/home/overxpowered/padhai_in_linux/Projects/AGNITIA-TERRA06/.venv/lib/python3.12/site-packages/lightgbm/sklearn.py:1106: LGBMDeprecationWarning: The argument 'eval_set' is deprecated, use 'eval_X' and 'eval_y' instead.
  eval_set = _validate_eval_set_Xy(eval_set=eval_set, eval_X=eval_X, eval_y=eval_y)
/home/overxpowered/padhai_in_linux/Projects/AGNITIA-TERRA06/.venv/lib/python3.12/site-packages/lightgbm/sklearn.py:1106: LGBMDeprecationWarning: The argument 'eval_set' is deprecated, use 'eval_X' and 'eval_y' instead.
  eval_set = _validate_eval_set_Xy(eval_set=eval_set, eval_X=eval_X, eval_y=eval_y)
/home/overxpowered/padhai_in_linux/Projects/AGNITIA-TERRA06/.venv/lib/python3.12/site-packages/lightgbm/sklearn.py:1106: LGBMDeprecationWarning: The argument 'eval_set' is deprecated, use 'eval_X' and 'eval_y' instead.
  eval_set = _validate_eval_set_Xy(eval_set=eval_set, eval_X=eval_X, eval_y=eval_y)
/home/overxpowered/padhai_in_linux/Projects/AGNITIA-TERRA06/.venv/lib/python3.12/site-packages/lightgbm/sklearn.py:1106: LGBMDeprecationWarning: The argument 'eval_set' is deprecated, use 'eval_X' and 'eval_y' instead.
  eval_set = _validate_eval_set_Xy(eval_set=eval_set, eval_X=eval_X, eval_y=eval_y)
/home/overxpowered/padhai_in_linux/Projects/AGNITIA-TERRA06/.venv/lib/python3.12/site-packages/lightgbm/sklearn.py:1106: LGBMDeprecationWarning: The argument 'eval_set' is deprecated, use 'eval_X' and 'eval_y' instead.
  eval_set = _validate_eval_set_Xy(eval_set=eval_set, eval_X=eval_X, eval_y=eval_y)
2026-10-09 07:03:41,027 INFO __main__: [solar Trial 90] pinball=0.44760 params={'num_leaves': 33, 'min_child_samples': 185, 'learning_rate': 0.0261, 'subsample': 0.7559, 'colsample_bytree': 0.9653, 'reg_lambda': 4.0915, 'reg_alpha': 4.3016}
[I 2026-10-09 07:03:41,028] Trial 90 finished with value: 0.4476001424634525 and parameters: {'num_leaves': 33, 'min_child_samples': 185, 'learning_rate': 0.02606124518613694, 'subsample': 0.7559278941068012, 'colsample_bytree': 0.9653193954457441, 'reg_lambda': 4.091545540644088, 'reg_alpha': 4.3016001524821705}. Best is trial 53 with value: 0.4411638516936057.
/home/overxpowered/padhai_in_linux/Projects/AGNITIA-TERRA06/.venv/lib/python3.12/site-packages/lightgbm/sklearn.py:1106: LGBMDeprecationWarning: The argument 'eval_set' is deprecated, use 'eval_X' and 'eval_y' instead.
  eval_set = _validate_eval_set_Xy(eval_set=eval_set, eval_X=eval_X, eval_y=eval_y)
/home/overxpowered/padhai_in_linux/Projects/AGNITIA-TERRA06/.venv/lib/python3.12/site-packages/lightgbm/sklearn.py:1106: LGBMDeprecationWarning: The argument 'eval_set' is deprecated, use 'eval_X' and 'eval_y' instead.
  eval_set = _validate_eval_set_Xy(eval_set=eval_set, eval_X=eval_X, eval_y=eval_y)
/home/overxpowered/padhai_in_linux/Projects/AGNITIA-TERRA06/.venv/lib/python3.12/site-packages/lightgbm/sklearn.py:1106: LGBMDeprecationWarning: The argument 'eval_set' is deprecated, use 'eval_X' and 'eval_y' instead.
  eval_set = _validate_eval_set_Xy(eval_set=eval_set, eval_X=eval_X, eval_y=eval_y)
/home/overxpowered/padhai_in_linux/Projects/AGNITIA-TERRA06/.venv/lib/python3.12/site-packages/lightgbm/sklearn.py:1106: LGBMDeprecationWarning: The argument 'eval_set' is deprecated, use 'eval_X' and 'eval_y' instead.
  eval_set = _validate_eval_set_Xy(eval_set=eval_set, eval_X=eval_X, eval_y=eval_y)
/home/overxpowered/padhai_in_linux/Projects/AGNITIA-TERRA06/.venv/lib/python3.12/site-packages/lightgbm/sklearn.py:1106: LGBMDeprecationWarning: The argument 'eval_set' is deprecated, use 'eval_X' and 'eval_y' instead.
  eval_set = _validate_eval_set_Xy(eval_set=eval_set, eval_X=eval_X, eval_y=eval_y)
2026-10-09 07:04:01,872 INFO __main__: [solar Trial 91] pinball=0.44229 params={'num_leaves': 23, 'min_child_samples': 200, 'learning_rate': 0.0281, 'subsample': 0.7494, 'colsample_bytree': 0.9216, 'reg_lambda': 3.6222, 'reg_alpha': 4.7499}
[I 2026-10-09 07:04:01,872] Trial 91 finished with value: 0.44228943427908096 and parameters: {'num_leaves': 23, 'min_child_samples': 200, 'learning_rate': 0.028082237251215995, 'subsample': 0.7494412168477845, 'colsample_bytree': 0.9216278061851618, 'reg_lambda': 3.62220315794898, 'reg_alpha': 4.749918922284711}. Best is trial 53 with value: 0.4411638516936057.
/home/overxpowered/padhai_in_linux/Projects/AGNITIA-TERRA06/.venv/lib/python3.12/site-packages/lightgbm/sklearn.py:1106: LGBMDeprecationWarning: The argument 'eval_set' is deprecated, use 'eval_X' and 'eval_y' instead.
  eval_set = _validate_eval_set_Xy(eval_set=eval_set, eval_X=eval_X, eval_y=eval_y)
/home/overxpowered/padhai_in_linux/Projects/AGNITIA-TERRA06/.venv/lib/python3.12/site-packages/lightgbm/sklearn.py:1106: LGBMDeprecationWarning: The argument 'eval_set' is deprecated, use 'eval_X' and 'eval_y' instead.
  eval_set = _validate_eval_set_Xy(eval_set=eval_set, eval_X=eval_X, eval_y=eval_y)
/home/overxpowered/padhai_in_linux/Projects/AGNITIA-TERRA06/.venv/lib/python3.12/site-packages/lightgbm/sklearn.py:1106: LGBMDeprecationWarning: The argument 'eval_set' is deprecated, use 'eval_X' and 'eval_y' instead.
  eval_set = _validate_eval_set_Xy(eval_set=eval_set, eval_X=eval_X, eval_y=eval_y)
/home/overxpowered/padhai_in_linux/Projects/AGNITIA-TERRA06/.venv/lib/python3.12/site-packages/lightgbm/sklearn.py:1106: LGBMDeprecationWarning: The argument 'eval_set' is deprecated, use 'eval_X' and 'eval_y' instead.
  eval_set = _validate_eval_set_Xy(eval_set=eval_set, eval_X=eval_X, eval_y=eval_y)
/home/overxpowered/padhai_in_linux/Projects/AGNITIA-TERRA06/.venv/lib/python3.12/site-packages/lightgbm/sklearn.py:1106: LGBMDeprecationWarning: The argument 'eval_set' is deprecated, use 'eval_X' and 'eval_y' instead.
  eval_set = _validate_eval_set_Xy(eval_set=eval_set, eval_X=eval_X, eval_y=eval_y)
2026-10-09 07:04:23,200 INFO __main__: [solar Trial 92] pinball=0.44398 params={'num_leaves': 23, 'min_child_samples': 196, 'learning_rate': 0.025, 'subsample': 0.7654, 'colsample_bytree': 0.9707, 'reg_lambda': 4.3215, 'reg_alpha': 4.3324}
[I 2026-10-09 07:04:23,200] Trial 92 finished with value: 0.4439768685010878 and parameters: {'num_leaves': 23, 'min_child_samples': 196, 'learning_rate': 0.02501778312922125, 'subsample': 0.7654499743034949, 'colsample_bytree': 0.9706684440797662, 'reg_lambda': 4.321530874825985, 'reg_alpha': 4.332427456697012}. Best is trial 53 with value: 0.4411638516936057.
/home/overxpowered/padhai_in_linux/Projects/AGNITIA-TERRA06/.venv/lib/python3.12/site-packages/lightgbm/sklearn.py:1106: LGBMDeprecationWarning: The argument 'eval_set' is deprecated, use 'eval_X' and 'eval_y' instead.
  eval_set = _validate_eval_set_Xy(eval_set=eval_set, eval_X=eval_X, eval_y=eval_y)
/home/overxpowered/padhai_in_linux/Projects/AGNITIA-TERRA06/.venv/lib/python3.12/site-packages/lightgbm/sklearn.py:1106: LGBMDeprecationWarning: The argument 'eval_set' is deprecated, use 'eval_X' and 'eval_y' instead.
  eval_set = _validate_eval_set_Xy(eval_set=eval_set, eval_X=eval_X, eval_y=eval_y)
/home/overxpowered/padhai_in_linux/Projects/AGNITIA-TERRA06/.venv/lib/python3.12/site-packages/lightgbm/sklearn.py:1106: LGBMDeprecationWarning: The argument 'eval_set' is deprecated, use 'eval_X' and 'eval_y' instead.
  eval_set = _validate_eval_set_Xy(eval_set=eval_set, eval_X=eval_X, eval_y=eval_y)
/home/overxpowered/padhai_in_linux/Projects/AGNITIA-TERRA06/.venv/lib/python3.12/site-packages/lightgbm/sklearn.py:1106: LGBMDeprecationWarning: The argument 'eval_set' is deprecated, use 'eval_X' and 'eval_y' instead.
  eval_set = _validate_eval_set_Xy(eval_set=eval_set, eval_X=eval_X, eval_y=eval_y)
/home/overxpowered/padhai_in_linux/Projects/AGNITIA-TERRA06/.venv/lib/python3.12/site-packages/lightgbm/sklearn.py:1106: LGBMDeprecationWarning: The argument 'eval_set' is deprecated, use 'eval_X' and 'eval_y' instead.
  eval_set = _validate_eval_set_Xy(eval_set=eval_set, eval_X=eval_X, eval_y=eval_y)
2026-10-09 07:04:41,660 INFO __main__: [solar Trial 93] pinball=0.44511 params={'num_leaves': 22, 'min_child_samples': 183, 'learning_rate': 0.029, 'subsample': 0.7025, 'colsample_bytree': 0.9762, 'reg_lambda': 4.8712, 'reg_alpha': 4.3062}
[I 2026-10-09 07:04:41,661] Trial 93 finished with value: 0.44510719780908625 and parameters: {'num_leaves': 22, 'min_child_samples': 183, 'learning_rate': 0.02900145694004318, 'subsample': 0.7024601800677432, 'colsample_bytree': 0.9762406647924443, 'reg_lambda': 4.871156666932738, 'reg_alpha': 4.306190709790198}. Best is trial 53 with value: 0.4411638516936057.
/home/overxpowered/padhai_in_linux/Projects/AGNITIA-TERRA06/.venv/lib/python3.12/site-packages/lightgbm/sklearn.py:1106: LGBMDeprecationWarning: The argument 'eval_set' is deprecated, use 'eval_X' and 'eval_y' instead.
  eval_set = _validate_eval_set_Xy(eval_set=eval_set, eval_X=eval_X, eval_y=eval_y)
/home/overxpowered/padhai_in_linux/Projects/AGNITIA-TERRA06/.venv/lib/python3.12/site-packages/lightgbm/sklearn.py:1106: LGBMDeprecationWarning: The argument 'eval_set' is deprecated, use 'eval_X' and 'eval_y' instead.
  eval_set = _validate_eval_set_Xy(eval_set=eval_set, eval_X=eval_X, eval_y=eval_y)
/home/overxpowered/padhai_in_linux/Projects/AGNITIA-TERRA06/.venv/lib/python3.12/site-packages/lightgbm/sklearn.py:1106: LGBMDeprecationWarning: The argument 'eval_set' is deprecated, use 'eval_X' and 'eval_y' instead.
  eval_set = _validate_eval_set_Xy(eval_set=eval_set, eval_X=eval_X, eval_y=eval_y)
/home/overxpowered/padhai_in_linux/Projects/AGNITIA-TERRA06/.venv/lib/python3.12/site-packages/lightgbm/sklearn.py:1106: LGBMDeprecationWarning: The argument 'eval_set' is deprecated, use 'eval_X' and 'eval_y' instead.
  eval_set = _validate_eval_set_Xy(eval_set=eval_set, eval_X=eval_X, eval_y=eval_y)
/home/overxpowered/padhai_in_linux/Projects/AGNITIA-TERRA06/.venv/lib/python3.12/site-packages/lightgbm/sklearn.py:1106: LGBMDeprecationWarning: The argument 'eval_set' is deprecated, use 'eval_X' and 'eval_y' instead.
  eval_set = _validate_eval_set_Xy(eval_set=eval_set, eval_X=eval_X, eval_y=eval_y)
2026-10-09 07:04:56,236 INFO __main__: [solar Trial 94] pinball=0.44349 params={'num_leaves': 17, 'min_child_samples': 196, 'learning_rate': 0.029, 'subsample': 0.7318, 'colsample_bytree': 0.9412, 'reg_lambda': 2.7619, 'reg_alpha': 4.3698}
[I 2026-10-09 07:04:56,237] Trial 94 finished with value: 0.4434928927770425 and parameters: {'num_leaves': 17, 'min_child_samples': 196, 'learning_rate': 0.029037323225821216, 'subsample': 0.7317646964865628, 'colsample_bytree': 0.9412367974022668, 'reg_lambda': 2.7618611467108036, 'reg_alpha': 4.369820744364802}. Best is trial 53 with value: 0.4411638516936057.
/home/overxpowered/padhai_in_linux/Projects/AGNITIA-TERRA06/.venv/lib/python3.12/site-packages/lightgbm/sklearn.py:1106: LGBMDeprecationWarning: The argument 'eval_set' is deprecated, use 'eval_X' and 'eval_y' instead.
  eval_set = _validate_eval_set_Xy(eval_set=eval_set, eval_X=eval_X, eval_y=eval_y)
/home/overxpowered/padhai_in_linux/Projects/AGNITIA-TERRA06/.venv/lib/python3.12/site-packages/lightgbm/sklearn.py:1106: LGBMDeprecationWarning: The argument 'eval_set' is deprecated, use 'eval_X' and 'eval_y' instead.
  eval_set = _validate_eval_set_Xy(eval_set=eval_set, eval_X=eval_X, eval_y=eval_y)
/home/overxpowered/padhai_in_linux/Projects/AGNITIA-TERRA06/.venv/lib/python3.12/site-packages/lightgbm/sklearn.py:1106: LGBMDeprecationWarning: The argument 'eval_set' is deprecated, use 'eval_X' and 'eval_y' instead.
  eval_set = _validate_eval_set_Xy(eval_set=eval_set, eval_X=eval_X, eval_y=eval_y)
/home/overxpowered/padhai_in_linux/Projects/AGNITIA-TERRA06/.venv/lib/python3.12/site-packages/lightgbm/sklearn.py:1106: LGBMDeprecationWarning: The argument 'eval_set' is deprecated, use 'eval_X' and 'eval_y' instead.
  eval_set = _validate_eval_set_Xy(eval_set=eval_set, eval_X=eval_X, eval_y=eval_y)
/home/overxpowered/padhai_in_linux/Projects/AGNITIA-TERRA06/.venv/lib/python3.12/site-packages/lightgbm/sklearn.py:1106: LGBMDeprecationWarning: The argument 'eval_set' is deprecated, use 'eval_X' and 'eval_y' instead.
  eval_set = _validate_eval_set_Xy(eval_set=eval_set, eval_X=eval_X, eval_y=eval_y)
2026-10-09 07:05:12,700 INFO __main__: [solar Trial 95] pinball=0.44545 params={'num_leaves': 28, 'min_child_samples': 190, 'learning_rate': 0.028, 'subsample': 0.7457, 'colsample_bytree': 0.9538, 'reg_lambda': 4.1479, 'reg_alpha': 4.6016}
[I 2026-10-09 07:05:12,700] Trial 95 finished with value: 0.4454464922902752 and parameters: {'num_leaves': 28, 'min_child_samples': 190, 'learning_rate': 0.027964521211439945, 'subsample': 0.7456938818735285, 'colsample_bytree': 0.9538404044623182, 'reg_lambda': 4.147942182269891, 'reg_alpha': 4.601624452279095}. Best is trial 53 with value: 0.4411638516936057.
2026-10-09 07:05:12,715 INFO __main__: solar tuning finished in 40.3 min (96 trials). Default pinball=0.46092, Best pinball=0.44116, Rel improvement=4.29%. Adopted: True

==================== Tuning SOLAR ====================

Wrote results to /tmp/claude-1001/-home-overxpowered-padhai-in-linux-Projects-AGNITIA-TERRA06/eafe7062-ee3c-4a2b-b2bb-a8b61cc49d5a/scratchpad/gbm_solar.yaml
